Arguments: 
  C:\Program Files\nodejs\node.exe C:\Users\bzendron\AppData\Roaming\npm\node_modules\yarn\bin\yarn.js add react-native-dropdown-picker

PATH: 
  C:\Program Files\Microsoft MPI\Bin\;C:\Rtools\bin;C:\Program Files\Python310\Scripts\;C:\Program Files\Python310\;C:\Windows\system32;C:\Windows;C:\Windows\System32\Wbem;C:\Windows\System32\WindowsPowerShell\v1.0\;C:\Windows\System32\OpenSSH\;C:\Flutter;C:\Flutter\bin;C:\Program Files (x86)\Microsoft SQL Server\150\DTS\Binn\;C:\Program Files\Azure Data Studio\bin;C:\Program Files (x86)\Microsoft SQL Server\150\Tools\Binn\;C:\Program Files\Microsoft SQL Server\150\Tools\Binn\;C:\Program Files\Microsoft SQL Server\150\DTS\Binn\;C:\Program Files\Microsoft SQL Server\Client SDK\ODBC\170\Tools\Binn\;C:\PHP8;C:\ProgramData\chocolatey\bin;C:\Users\38337\AppData\Roaming\npm\node_modules\@angular\cli\bin;C:\Users\38337\AppData\Roaming\npm;C:\Program Files\dotnet\;C:\Users\38337\Documents\python\;C:\Program Files\Microsoft VS Code\bin;C:\Program Files\Python310\Scripts;C:\xampp\php7;C:\Program Files (x86)\Tesseract-OCR;C:\Program Files\Java\jre1.8.0_341\bin;C:\Program Files\Git\cmd;C:\Program Files (x86)\Windows Kits\10\Windows Performance Toolkit\;C:\Program Files\PowerShell\7\;C:\Program Files (x86)\Android\android-sdk\platform-tools;C:\Users\bzendron\AppData\Roaming\npm\node_modules\yarn\bin;C:\Users\bzendron\AppData\Local\Android\Sdk\emulator;C:\Users\bzendron\AppData\Local\Android\Sdk\tools;C:\Users\bzendron\AppData\Local\Android\Sdk\tools\bin;C:\Users\bzendron\AppData\Local\Android\Sdk\platform-tools;C:\Program Files\nodejs\;C:\Program Files\Java\jdk-11.0.17\bin;C:\Program Files\MySQL\MySQL Shell 8.0\bin\;C:\Users\bzendron\AppData\Local\Programs\Python\Python39\Scripts\;C:\Users\bzendron\AppData\Local\Programs\Python\Python39\;C:\Users\bzendron\AppData\Local\Microsoft\WindowsApps;C:\Users\bzendron\AppData\Roaming\npm

Yarn version: 
  1.22.19

Node version: 
  18.15.0

Platform: 
  win32 x64

Trace: 
  Error: EPERM: operation not permitted, rmdir 'D:\Gdrive\Projetos Mobile\BuscaMedicamentosExpo\node_modules\@babel\generator\node_modules\@jridgewell\gen-mapping'

npm manifest: 
  {
    "name": "buscamedicamentosexpo",
    "version": "1.0.0",
    "main": "node_modules/expo/AppEntry.js",
    "scripts": {
      "start": "expo start",
      "android": "expo start --android",
      "ios": "expo start --ios",
      "web": "expo start --web"
    },
    "dependencies": {
      "expo": "~48.0.6",
      "expo-status-bar": "~1.4.4",
      "react": "18.2.0",
      "react-dom": "^18.2.0",
      "react-native": "0.71.3",
      "react-native-web": "~0.18.11"
    },
    "devDependencies": {
      "@babel/core": "^7.20.0"
    },
    "private": true
  }

yarn manifest: 
  No manifest

Lockfile: 
  No lockfile
